{"level":"info","message":"listening on port 3000....."}
{"level":"info","message":"Connected to mongodb://localhost/vidly_tests?replicaSet=rs0......."}
{"_message":"Genre validation failed","errors":{"name":{"kind":"minlength","message":"Path `name` (`1234`) is shorter than the minimum allowed length (5).","name":"ValidatorError","path":"name","properties":{"message":"Path `name` (`1234`) is shorter than the minimum allowed length (5).","minlength":5,"path":"name","type":"minlength","value":"1234"},"value":"1234"}},"level":"error","message":"Genre validation failed: name: Path `name` (`1234`) is shorter than the minimum allowed length (5). Genre validation failed: name: Path `name` (`1234`) is shorter than the minimum allowed length (5).","stack":"ValidationError: Genre validation failed: name: Path `name` (`1234`) is shorter than the minimum allowed length (5).\n    at model.Object.<anonymous>.Document.invalidate (E:\\Nodejs\\Vidly\\node_modules\\mongoose\\lib\\document.js:3201:32)\n    at E:\\Nodejs\\Vidly\\node_modules\\mongoose\\lib\\document.js:2994:17\n    at E:\\Nodejs\\Vidly\\node_modules\\mongoose\\lib\\schemaType.js:1370:9\n    at processTicksAndRejections (node:internal/process/task_queues:77:11)"}
{"_message":"Genre validation failed","errors":{"name":{"kind":"maxlength","message":"Path `name` (`aaaaaaaaaaaaaaaaaaaaaaaaaaaaaaaaaaaaaaaaaaaaaaaaaaa`) is longer than the maximum allowed length (50).","name":"ValidatorError","path":"name","properties":{"maxlength":50,"message":"Path `name` (`aaaaaaaaaaaaaaaaaaaaaaaaaaaaaaaaaaaaaaaaaaaaaaaaaaa`) is longer than the maximum allowed length (50).","path":"name","type":"maxlength","value":"aaaaaaaaaaaaaaaaaaaaaaaaaaaaaaaaaaaaaaaaaaaaaaaaaaa"},"value":"aaaaaaaaaaaaaaaaaaaaaaaaaaaaaaaaaaaaaaaaaaaaaaaaaaa"}},"level":"error","message":"Genre validation failed: name: Path `name` (`aaaaaaaaaaaaaaaaaaaaaaaaaaaaaaaaaaaaaaaaaaaaaaaaaaa`) is longer than the maximum allowed length (50). Genre validation failed: name: Path `name` (`aaaaaaaaaaaaaaaaaaaaaaaaaaaaaaaaaaaaaaaaaaaaaaaaaaa`) is longer than the maximum allowed length (50).","stack":"ValidationError: Genre validation failed: name: Path `name` (`aaaaaaaaaaaaaaaaaaaaaaaaaaaaaaaaaaaaaaaaaaaaaaaaaaa`) is longer than the maximum allowed length (50).\n    at model.Object.<anonymous>.Document.invalidate (E:\\Nodejs\\Vidly\\node_modules\\mongoose\\lib\\document.js:3201:32)\n    at E:\\Nodejs\\Vidly\\node_modules\\mongoose\\lib\\document.js:2994:17\n    at E:\\Nodejs\\Vidly\\node_modules\\mongoose\\lib\\schemaType.js:1370:9\n    at processTicksAndRejections (node:internal/process/task_queues:77:11)"}
{"level":"info","message":"listening on port 3000....."}
{"level":"info","message":"Connected to mongodb://localhost/vidly_tests?replicaSet=rs0......."}
{"_message":"Genre validation failed","errors":{"name":{"kind":"minlength","message":"Path `name` (`1234`) is shorter than the minimum allowed length (5).","name":"ValidatorError","path":"name","properties":{"message":"Path `name` (`1234`) is shorter than the minimum allowed length (5).","minlength":5,"path":"name","type":"minlength","value":"1234"},"value":"1234"}},"level":"error","message":"Genre validation failed: name: Path `name` (`1234`) is shorter than the minimum allowed length (5). Genre validation failed: name: Path `name` (`1234`) is shorter than the minimum allowed length (5).","stack":"ValidationError: Genre validation failed: name: Path `name` (`1234`) is shorter than the minimum allowed length (5).\n    at model.Object.<anonymous>.Document.invalidate (E:\\Nodejs\\Vidly\\node_modules\\mongoose\\lib\\document.js:3201:32)\n    at E:\\Nodejs\\Vidly\\node_modules\\mongoose\\lib\\document.js:2994:17\n    at E:\\Nodejs\\Vidly\\node_modules\\mongoose\\lib\\schemaType.js:1370:9\n    at processTicksAndRejections (node:internal/process/task_queues:77:11)"}
{"_message":"Genre validation failed","errors":{"name":{"kind":"maxlength","message":"Path `name` (`aaaaaaaaaaaaaaaaaaaaaaaaaaaaaaaaaaaaaaaaaaaaaaaaaaa`) is longer than the maximum allowed length (50).","name":"ValidatorError","path":"name","properties":{"maxlength":50,"message":"Path `name` (`aaaaaaaaaaaaaaaaaaaaaaaaaaaaaaaaaaaaaaaaaaaaaaaaaaa`) is longer than the maximum allowed length (50).","path":"name","type":"maxlength","value":"aaaaaaaaaaaaaaaaaaaaaaaaaaaaaaaaaaaaaaaaaaaaaaaaaaa"},"value":"aaaaaaaaaaaaaaaaaaaaaaaaaaaaaaaaaaaaaaaaaaaaaaaaaaa"}},"level":"error","message":"Genre validation failed: name: Path `name` (`aaaaaaaaaaaaaaaaaaaaaaaaaaaaaaaaaaaaaaaaaaaaaaaaaaa`) is longer than the maximum allowed length (50). Genre validation failed: name: Path `name` (`aaaaaaaaaaaaaaaaaaaaaaaaaaaaaaaaaaaaaaaaaaaaaaaaaaa`) is longer than the maximum allowed length (50).","stack":"ValidationError: Genre validation failed: name: Path `name` (`aaaaaaaaaaaaaaaaaaaaaaaaaaaaaaaaaaaaaaaaaaaaaaaaaaa`) is longer than the maximum allowed length (50).\n    at model.Object.<anonymous>.Document.invalidate (E:\\Nodejs\\Vidly\\node_modules\\mongoose\\lib\\document.js:3201:32)\n    at E:\\Nodejs\\Vidly\\node_modules\\mongoose\\lib\\document.js:2994:17\n    at E:\\Nodejs\\Vidly\\node_modules\\mongoose\\lib\\schemaType.js:1370:9\n    at processTicksAndRejections (node:internal/process/task_queues:77:11)"}
{"level":"info","message":"listening on port 3000....."}
{"level":"info","message":"Connected to mongodb://localhost/vidly_tests?replicaSet=rs0......."}
{"_message":"Genre validation failed","errors":{"name":{"kind":"minlength","message":"Path `name` (`1234`) is shorter than the minimum allowed length (5).","name":"ValidatorError","path":"name","properties":{"message":"Path `name` (`1234`) is shorter than the minimum allowed length (5).","minlength":5,"path":"name","type":"minlength","value":"1234"},"value":"1234"}},"level":"error","message":"Genre validation failed: name: Path `name` (`1234`) is shorter than the minimum allowed length (5). Genre validation failed: name: Path `name` (`1234`) is shorter than the minimum allowed length (5).","stack":"ValidationError: Genre validation failed: name: Path `name` (`1234`) is shorter than the minimum allowed length (5).\n    at model.Object.<anonymous>.Document.invalidate (E:\\Nodejs\\Vidly\\node_modules\\mongoose\\lib\\document.js:3201:32)\n    at E:\\Nodejs\\Vidly\\node_modules\\mongoose\\lib\\document.js:2994:17\n    at E:\\Nodejs\\Vidly\\node_modules\\mongoose\\lib\\schemaType.js:1370:9\n    at processTicksAndRejections (node:internal/process/task_queues:77:11)"}
{"_message":"Genre validation failed","errors":{"name":{"kind":"maxlength","message":"Path `name` (`aaaaaaaaaaaaaaaaaaaaaaaaaaaaaaaaaaaaaaaaaaaaaaaaaaa`) is longer than the maximum allowed length (50).","name":"ValidatorError","path":"name","properties":{"maxlength":50,"message":"Path `name` (`aaaaaaaaaaaaaaaaaaaaaaaaaaaaaaaaaaaaaaaaaaaaaaaaaaa`) is longer than the maximum allowed length (50).","path":"name","type":"maxlength","value":"aaaaaaaaaaaaaaaaaaaaaaaaaaaaaaaaaaaaaaaaaaaaaaaaaaa"},"value":"aaaaaaaaaaaaaaaaaaaaaaaaaaaaaaaaaaaaaaaaaaaaaaaaaaa"}},"level":"error","message":"Genre validation failed: name: Path `name` (`aaaaaaaaaaaaaaaaaaaaaaaaaaaaaaaaaaaaaaaaaaaaaaaaaaa`) is longer than the maximum allowed length (50). Genre validation failed: name: Path `name` (`aaaaaaaaaaaaaaaaaaaaaaaaaaaaaaaaaaaaaaaaaaaaaaaaaaa`) is longer than the maximum allowed length (50).","stack":"ValidationError: Genre validation failed: name: Path `name` (`aaaaaaaaaaaaaaaaaaaaaaaaaaaaaaaaaaaaaaaaaaaaaaaaaaa`) is longer than the maximum allowed length (50).\n    at model.Object.<anonymous>.Document.invalidate (E:\\Nodejs\\Vidly\\node_modules\\mongoose\\lib\\document.js:3201:32)\n    at E:\\Nodejs\\Vidly\\node_modules\\mongoose\\lib\\document.js:2994:17\n    at E:\\Nodejs\\Vidly\\node_modules\\mongoose\\lib\\schemaType.js:1370:9\n    at processTicksAndRejections (node:internal/process/task_queues:77:11)"}
{"level":"info","message":"listening on port 3000....."}
{"level":"info","message":"Connected to mongodb://localhost/vidly_tests?replicaSet=rs0......."}
{"_message":"Genre validation failed","errors":{"name":{"kind":"minlength","message":"Path `name` (`1234`) is shorter than the minimum allowed length (5).","name":"ValidatorError","path":"name","properties":{"message":"Path `name` (`1234`) is shorter than the minimum allowed length (5).","minlength":5,"path":"name","type":"minlength","value":"1234"},"value":"1234"}},"level":"error","message":"Genre validation failed: name: Path `name` (`1234`) is shorter than the minimum allowed length (5). Genre validation failed: name: Path `name` (`1234`) is shorter than the minimum allowed length (5).","stack":"ValidationError: Genre validation failed: name: Path `name` (`1234`) is shorter than the minimum allowed length (5).\n    at model.Object.<anonymous>.Document.invalidate (E:\\Nodejs\\Vidly\\node_modules\\mongoose\\lib\\document.js:3201:32)\n    at E:\\Nodejs\\Vidly\\node_modules\\mongoose\\lib\\document.js:2994:17\n    at E:\\Nodejs\\Vidly\\node_modules\\mongoose\\lib\\schemaType.js:1370:9\n    at processTicksAndRejections (node:internal/process/task_queues:77:11)"}
{"_message":"Genre validation failed","errors":{"name":{"kind":"maxlength","message":"Path `name` (`aaaaaaaaaaaaaaaaaaaaaaaaaaaaaaaaaaaaaaaaaaaaaaaaaaa`) is longer than the maximum allowed length (50).","name":"ValidatorError","path":"name","properties":{"maxlength":50,"message":"Path `name` (`aaaaaaaaaaaaaaaaaaaaaaaaaaaaaaaaaaaaaaaaaaaaaaaaaaa`) is longer than the maximum allowed length (50).","path":"name","type":"maxlength","value":"aaaaaaaaaaaaaaaaaaaaaaaaaaaaaaaaaaaaaaaaaaaaaaaaaaa"},"value":"aaaaaaaaaaaaaaaaaaaaaaaaaaaaaaaaaaaaaaaaaaaaaaaaaaa"}},"level":"error","message":"Genre validation failed: name: Path `name` (`aaaaaaaaaaaaaaaaaaaaaaaaaaaaaaaaaaaaaaaaaaaaaaaaaaa`) is longer than the maximum allowed length (50). Genre validation failed: name: Path `name` (`aaaaaaaaaaaaaaaaaaaaaaaaaaaaaaaaaaaaaaaaaaaaaaaaaaa`) is longer than the maximum allowed length (50).","stack":"ValidationError: Genre validation failed: name: Path `name` (`aaaaaaaaaaaaaaaaaaaaaaaaaaaaaaaaaaaaaaaaaaaaaaaaaaa`) is longer than the maximum allowed length (50).\n    at model.Object.<anonymous>.Document.invalidate (E:\\Nodejs\\Vidly\\node_modules\\mongoose\\lib\\document.js:3201:32)\n    at E:\\Nodejs\\Vidly\\node_modules\\mongoose\\lib\\document.js:2994:17\n    at E:\\Nodejs\\Vidly\\node_modules\\mongoose\\lib\\schemaType.js:1370:9\n    at processTicksAndRejections (node:internal/process/task_queues:77:11)"}
{"level":"info","message":"listening on port 3000....."}
{"level":"info","message":"Connected to mongodb://localhost/vidly?replicaSet=rs0......."}
{"level":"info","message":"listening on port 3000....."}
{"level":"info","message":"Connected to mongodb://localhost/vidly?replicaSet=rs0......."}
{"_message":"Genre validation failed","errors":{"name":{"kind":"minlength","message":"Path `name` (`1234`) is shorter than the minimum allowed length (5).","name":"ValidatorError","path":"name","properties":{"message":"Path `name` (`1234`) is shorter than the minimum allowed length (5).","minlength":5,"path":"name","type":"minlength","value":"1234"},"value":"1234"}},"level":"error","message":"Genre validation failed: name: Path `name` (`1234`) is shorter than the minimum allowed length (5). Genre validation failed: name: Path `name` (`1234`) is shorter than the minimum allowed length (5).","stack":"ValidationError: Genre validation failed: name: Path `name` (`1234`) is shorter than the minimum allowed length (5).\n    at Document.invalidate (E:\\Nodejs\\Vidly\\node_modules\\mongoose\\lib\\document.js:3201:32)\n    at E:\\Nodejs\\Vidly\\node_modules\\mongoose\\lib\\document.js:2994:17\n    at E:\\Nodejs\\Vidly\\node_modules\\mongoose\\lib\\schemaType.js:1370:9\n    at process.processTicksAndRejections (node:internal/process/task_queues:77:11)"}
{"level":"info","message":"listening on port 3000....."}
{"level":"info","message":"Connected to mongodb://localhost/vidly?replicaSet=rs0......."}
{"_message":"Genre validation failed","errors":{"name":{"kind":"minlength","message":"Path `name` (`1234`) is shorter than the minimum allowed length (5).","name":"ValidatorError","path":"name","properties":{"message":"Path `name` (`1234`) is shorter than the minimum allowed length (5).","minlength":5,"path":"name","type":"minlength","value":"1234"},"value":"1234"}},"level":"error","message":"Genre validation failed: name: Path `name` (`1234`) is shorter than the minimum allowed length (5). Genre validation failed: name: Path `name` (`1234`) is shorter than the minimum allowed length (5).","stack":"ValidationError: Genre validation failed: name: Path `name` (`1234`) is shorter than the minimum allowed length (5).\n    at Document.invalidate (E:\\Nodejs\\Vidly\\node_modules\\mongoose\\lib\\document.js:3201:32)\n    at E:\\Nodejs\\Vidly\\node_modules\\mongoose\\lib\\document.js:2994:17\n    at E:\\Nodejs\\Vidly\\node_modules\\mongoose\\lib\\schemaType.js:1370:9\n    at process.processTicksAndRejections (node:internal/process/task_queues:77:11)"}
{"level":"info","message":"listening on port 3000....."}
{"level":"info","message":"Connected to mongodb://localhost/vidly?replicaSet=rs0......."}
{"level":"info","message":"listening on port 3000....."}
{"level":"info","message":"Connected to mongodb://localhost/vidly?replicaSet=rs0......."}
{"level":"info","message":"listening on port 3000....."}
{"level":"info","message":"Connected to mongodb://localhost/vidly?replicaSet=rs0......."}
{"level":"info","message":"listening on port 3000....."}
{"level":"info","message":"Connected to mongodb://localhost/vidly?replicaSet=rs0......."}
{"_message":"Genre validation failed","errors":{"name":{"kind":"minlength","message":"Path `name` (`1234`) is shorter than the minimum allowed length (5).","name":"ValidatorError","path":"name","properties":{"message":"Path `name` (`1234`) is shorter than the minimum allowed length (5).","minlength":5,"path":"name","type":"minlength","value":"1234"},"value":"1234"}},"level":"error","message":"Genre validation failed: name: Path `name` (`1234`) is shorter than the minimum allowed length (5). Genre validation failed: name: Path `name` (`1234`) is shorter than the minimum allowed length (5).","stack":"ValidationError: Genre validation failed: name: Path `name` (`1234`) is shorter than the minimum allowed length (5).\n    at Document.invalidate (E:\\Nodejs\\Vidly\\node_modules\\mongoose\\lib\\document.js:3201:32)\n    at E:\\Nodejs\\Vidly\\node_modules\\mongoose\\lib\\document.js:2994:17\n    at E:\\Nodejs\\Vidly\\node_modules\\mongoose\\lib\\schemaType.js:1370:9\n    at process.processTicksAndRejections (node:internal/process/task_queues:77:11)"}
{"level":"info","message":"listening on port 3000....."}
{"level":"info","message":"Connected to mongodb://localhost/vidly?replicaSet=rs0......."}
{"level":"info","message":"listening on port 3000....."}
{"level":"info","message":"Connected to mongodb://localhost/vidly?replicaSet=rs0......."}
{"level":"info","message":"listening on port 3000....."}
{"level":"info","message":"Connected to mongodb://localhost/vidly?replicaSet=rs0......."}
{"level":"info","message":"listening on port 3000....."}
{"level":"info","message":"Connected to mongodb://localhost/vidly?replicaSet=rs0......."}
{"level":"info","message":"listening on port 3000....."}
{"level":"info","message":"Connected to mongodb://localhost/vidly?replicaSet=rs0......."}
{"_message":"Genre validation failed","errors":{"name":{"kind":"minlength","message":"Path `name` (`1234`) is shorter than the minimum allowed length (5).","name":"ValidatorError","path":"name","properties":{"message":"Path `name` (`1234`) is shorter than the minimum allowed length (5).","minlength":5,"path":"name","type":"minlength","value":"1234"},"value":"1234"}},"level":"error","message":"Genre validation failed: name: Path `name` (`1234`) is shorter than the minimum allowed length (5). Genre validation failed: name: Path `name` (`1234`) is shorter than the minimum allowed length (5).","stack":"ValidationError: Genre validation failed: name: Path `name` (`1234`) is shorter than the minimum allowed length (5).\n    at Document.invalidate (E:\\Nodejs\\Vidly\\node_modules\\mongoose\\lib\\document.js:3201:32)\n    at E:\\Nodejs\\Vidly\\node_modules\\mongoose\\lib\\document.js:2994:17\n    at E:\\Nodejs\\Vidly\\node_modules\\mongoose\\lib\\schemaType.js:1370:9\n    at process.processTicksAndRejections (node:internal/process/task_queues:77:11)"}
{"level":"info","message":"listening on port 3000....."}
{"level":"info","message":"Connected to mongodb://localhost/vidly?replicaSet=rs0......."}
{"level":"info","message":"listening on port 3000....."}
{"level":"info","message":"Connected to mongodb://localhost/vidly?replicaSet=rs0......."}
{"level":"info","message":"listening on port 3000....."}
{"level":"info","message":"Connected to mongodb://localhost/vidly?replicaSet=rs0......."}
{"level":"info","message":"listening on port 3000....."}
{"level":"info","message":"Connected to mongodb://localhost/vidly_tests?replicaSet=rs0......."}
{"level":"info","message":"listening on port 3000....."}
{"level":"info","message":"Connected to mongodb://localhost/vidly_tests?replicaSet=rs0......."}
{"level":"info","message":"listening on port 3000....."}
{"level":"info","message":"Connected to mongodb://localhost/vidly_tests?replicaSet=rs0......."}
{"level":"info","message":"listening on port 3000....."}
{"level":"info","message":"Connected to mongodb://localhost/vidly_tests?replicaSet=rs0......."}
{"level":"info","message":"listening on port 3000....."}
{"level":"info","message":"Connected to mongodb://localhost/vidly_tests?replicaSet=rs0......."}
{"level":"info","message":"listening on port 3000....."}
{"level":"info","message":"Connected to mongodb://localhost/vidly_tests?replicaSet=rs0......."}
{"level":"error","message":"Cannot destructure property 'error' of '(intermediate value)' as it is undefined. Cannot destructure property 'error' of '(intermediate value)' as it is undefined.","stack":"TypeError: Cannot destructure property 'error' of '(intermediate value)' as it is undefined.\n    at error (E:\\Nodejs\\Vidly\\routes\\genres.js:16:14)\n    at processTicksAndRejections (node:internal/process/task_queues:95:5)"}
{"level":"info","message":"listening on port 3000....."}
{"level":"info","message":"Connected to mongodb://localhost/vidly_tests?replicaSet=rs0......."}
{"level":"error","message":"Cannot destructure property 'error' of '(intermediate value)' as it is undefined. Cannot destructure property 'error' of '(intermediate value)' as it is undefined.","stack":"TypeError: Cannot destructure property 'error' of '(intermediate value)' as it is undefined.\n    at error (E:\\Nodejs\\Vidly\\routes\\genres.js:16:14)\n    at processTicksAndRejections (node:internal/process/task_queues:95:5)"}
{"level":"info","message":"listening on port 3000....."}
{"level":"info","message":"Connected to mongodb://localhost/vidly_tests?replicaSet=rs0......."}
{"level":"error","message":"Cannot destructure property 'error' of '(intermediate value)' as it is undefined. Cannot destructure property 'error' of '(intermediate value)' as it is undefined.","stack":"TypeError: Cannot destructure property 'error' of '(intermediate value)' as it is undefined.\n    at error (E:\\Nodejs\\Vidly\\routes\\genres.js:16:14)\n    at processTicksAndRejections (node:internal/process/task_queues:95:5)"}
{"level":"info","message":"listening on port 3000....."}
{"level":"info","message":"Connected to mongodb://localhost/vidly_tests?replicaSet=rs0......."}
{"level":"error","message":"Cannot destructure property 'error' of '(intermediate value)' as it is undefined. Cannot destructure property 'error' of '(intermediate value)' as it is undefined.","stack":"TypeError: Cannot destructure property 'error' of '(intermediate value)' as it is undefined.\n    at error (E:\\Nodejs\\Vidly\\routes\\genres.js:16:14)\n    at processTicksAndRejections (node:internal/process/task_queues:95:5)"}
{"level":"info","message":"listening on port 3000....."}
{"level":"info","message":"Connected to mongodb://localhost/vidly_tests?replicaSet=rs0......."}
{"level":"error","message":"Cannot destructure property 'error' of '(intermediate value)' as it is undefined. Cannot destructure property 'error' of '(intermediate value)' as it is undefined.","stack":"TypeError: Cannot destructure property 'error' of '(intermediate value)' as it is undefined.\n    at error (E:\\Nodejs\\Vidly\\routes\\genres.js:16:14)\n    at processTicksAndRejections (node:internal/process/task_queues:95:5)"}
{"level":"info","message":"listening on port 3000....."}
{"level":"info","message":"Connected to mongodb://localhost/vidly_tests?replicaSet=rs0......."}
{"level":"error","message":"Cannot destructure property 'error' of '(intermediate value)' as it is undefined. Cannot destructure property 'error' of '(intermediate value)' as it is undefined.","stack":"TypeError: Cannot destructure property 'error' of '(intermediate value)' as it is undefined.\n    at error (E:\\Nodejs\\Vidly\\routes\\genres.js:16:14)\n    at processTicksAndRejections (node:internal/process/task_queues:95:5)"}
{"level":"info","message":"listening on port 3000....."}
{"level":"info","message":"Connected to mongodb://localhost/vidly_tests?replicaSet=rs0......."}
{"level":"error","message":"Cannot destructure property 'error' of '(intermediate value)' as it is undefined. Cannot destructure property 'error' of '(intermediate value)' as it is undefined.","stack":"TypeError: Cannot destructure property 'error' of '(intermediate value)' as it is undefined.\n    at error (E:\\Nodejs\\Vidly\\routes\\genres.js:16:14)\n    at processTicksAndRejections (node:internal/process/task_queues:95:5)"}
{"level":"info","message":"listening on port 3000....."}
{"level":"info","message":"Connected to mongodb://localhost/vidly_tests?replicaSet=rs0......."}
{"level":"error","message":"Cannot destructure property 'error' of '(intermediate value)' as it is undefined. Cannot destructure property 'error' of '(intermediate value)' as it is undefined.","stack":"TypeError: Cannot destructure property 'error' of '(intermediate value)' as it is undefined.\n    at error (E:\\Nodejs\\Vidly\\routes\\genres.js:16:14)\n    at processTicksAndRejections (node:internal/process/task_queues:95:5)"}
{"level":"error","message":"Cannot destructure property 'error' of '(intermediate value)' as it is undefined. Cannot destructure property 'error' of '(intermediate value)' as it is undefined.","stack":"TypeError: Cannot destructure property 'error' of '(intermediate value)' as it is undefined.\n    at error (E:\\Nodejs\\Vidly\\routes\\genres.js:16:14)\n    at processTicksAndRejections (node:internal/process/task_queues:95:5)"}
{"level":"info","message":"listening on port 3000....."}
{"level":"info","message":"Connected to mongodb://localhost/vidly_tests?replicaSet=rs0......."}
{"level":"error","message":"Cannot destructure property 'error' of '(intermediate value)' as it is undefined. Cannot destructure property 'error' of '(intermediate value)' as it is undefined.","stack":"TypeError: Cannot destructure property 'error' of '(intermediate value)' as it is undefined.\n    at error (E:\\Nodejs\\Vidly\\routes\\genres.js:16:14)\n    at processTicksAndRejections (node:internal/process/task_queues:95:5)"}
{"level":"error","message":"Cannot destructure property 'error' of '(intermediate value)' as it is undefined. Cannot destructure property 'error' of '(intermediate value)' as it is undefined.","stack":"TypeError: Cannot destructure property 'error' of '(intermediate value)' as it is undefined.\n    at error (E:\\Nodejs\\Vidly\\routes\\genres.js:16:14)\n    at processTicksAndRejections (node:internal/process/task_queues:95:5)"}
{"level":"info","message":"listening on port 3000....."}
{"level":"info","message":"Connected to mongodb://localhost/vidly_tests?replicaSet=rs0......."}
{"level":"error","message":"Cannot destructure property 'error' of '(intermediate value)' as it is undefined. Cannot destructure property 'error' of '(intermediate value)' as it is undefined.","stack":"TypeError: Cannot destructure property 'error' of '(intermediate value)' as it is undefined.\n    at error (E:\\Nodejs\\Vidly\\routes\\genres.js:16:14)\n    at processTicksAndRejections (node:internal/process/task_queues:95:5)"}
{"level":"error","message":"Cannot destructure property 'error' of '(intermediate value)' as it is undefined. Cannot destructure property 'error' of '(intermediate value)' as it is undefined.","stack":"TypeError: Cannot destructure property 'error' of '(intermediate value)' as it is undefined.\n    at error (E:\\Nodejs\\Vidly\\routes\\genres.js:16:14)\n    at processTicksAndRejections (node:internal/process/task_queues:95:5)"}
{"level":"info","message":"listening on port 3000....."}
{"level":"info","message":"Connected to mongodb://localhost/vidly_tests?replicaSet=rs0......."}
{"level":"error","message":"Cannot destructure property 'error' of '(intermediate value)' as it is undefined. Cannot destructure property 'error' of '(intermediate value)' as it is undefined.","stack":"TypeError: Cannot destructure property 'error' of '(intermediate value)' as it is undefined.\n    at error (E:\\Nodejs\\Vidly\\routes\\genres.js:16:14)\n    at processTicksAndRejections (node:internal/process/task_queues:95:5)"}
{"level":"error","message":"Cannot destructure property 'error' of '(intermediate value)' as it is undefined. Cannot destructure property 'error' of '(intermediate value)' as it is undefined.","stack":"TypeError: Cannot destructure property 'error' of '(intermediate value)' as it is undefined.\n    at error (E:\\Nodejs\\Vidly\\routes\\genres.js:16:14)\n    at processTicksAndRejections (node:internal/process/task_queues:95:5)"}
{"level":"info","message":"listening on port 3000....."}
{"level":"info","message":"Connected to mongodb://localhost/vidly_tests?replicaSet=rs0......."}
{"level":"error","message":"Cannot destructure property 'error' of '(intermediate value)' as it is undefined. Cannot destructure property 'error' of '(intermediate value)' as it is undefined.","stack":"TypeError: Cannot destructure property 'error' of '(intermediate value)' as it is undefined.\n    at error (E:\\Nodejs\\Vidly\\routes\\genres.js:16:14)\n    at processTicksAndRejections (node:internal/process/task_queues:95:5)"}
{"level":"error","message":"Cannot destructure property 'error' of '(intermediate value)' as it is undefined. Cannot destructure property 'error' of '(intermediate value)' as it is undefined.","stack":"TypeError: Cannot destructure property 'error' of '(intermediate value)' as it is undefined.\n    at error (E:\\Nodejs\\Vidly\\routes\\genres.js:16:14)\n    at processTicksAndRejections (node:internal/process/task_queues:95:5)"}
{"level":"info","message":"listening on port 3000....."}
{"level":"info","message":"Connected to mongodb://localhost/vidly_tests?replicaSet=rs0......."}
{"level":"error","message":"Cannot destructure property 'error' of '(intermediate value)' as it is undefined. Cannot destructure property 'error' of '(intermediate value)' as it is undefined.","stack":"TypeError: Cannot destructure property 'error' of '(intermediate value)' as it is undefined.\n    at error (E:\\Nodejs\\Vidly\\routes\\genres.js:16:14)\n    at processTicksAndRejections (node:internal/process/task_queues:95:5)"}
{"level":"error","message":"Cannot destructure property 'error' of '(intermediate value)' as it is undefined. Cannot destructure property 'error' of '(intermediate value)' as it is undefined.","stack":"TypeError: Cannot destructure property 'error' of '(intermediate value)' as it is undefined.\n    at error (E:\\Nodejs\\Vidly\\routes\\genres.js:16:14)\n    at processTicksAndRejections (node:internal/process/task_queues:95:5)"}
{"level":"info","message":"listening on port 3000....."}
{"level":"info","message":"Connected to mongodb://localhost/vidly_tests?replicaSet=rs0......."}
{"level":"error","message":"Cannot destructure property 'error' of '(intermediate value)' as it is undefined. Cannot destructure property 'error' of '(intermediate value)' as it is undefined.","stack":"TypeError: Cannot destructure property 'error' of '(intermediate value)' as it is undefined.\n    at error (E:\\Nodejs\\Vidly\\routes\\genres.js:16:14)\n    at processTicksAndRejections (node:internal/process/task_queues:95:5)"}
{"level":"error","message":"Cannot destructure property 'error' of '(intermediate value)' as it is undefined. Cannot destructure property 'error' of '(intermediate value)' as it is undefined.","stack":"TypeError: Cannot destructure property 'error' of '(intermediate value)' as it is undefined.\n    at error (E:\\Nodejs\\Vidly\\routes\\genres.js:16:14)\n    at processTicksAndRejections (node:internal/process/task_queues:95:5)"}
{"level":"info","message":"listening on port 3000....."}
{"level":"info","message":"Connected to mongodb://localhost/vidly_tests?replicaSet=rs0......."}
{"level":"error","message":"Cannot destructure property 'error' of '(intermediate value)' as it is undefined. Cannot destructure property 'error' of '(intermediate value)' as it is undefined.","stack":"TypeError: Cannot destructure property 'error' of '(intermediate value)' as it is undefined.\n    at error (E:\\Nodejs\\Vidly\\routes\\genres.js:16:14)\n    at processTicksAndRejections (node:internal/process/task_queues:95:5)"}
{"level":"error","message":"Cannot destructure property 'error' of '(intermediate value)' as it is undefined. Cannot destructure property 'error' of '(intermediate value)' as it is undefined.","stack":"TypeError: Cannot destructure property 'error' of '(intermediate value)' as it is undefined.\n    at error (E:\\Nodejs\\Vidly\\routes\\genres.js:16:14)\n    at processTicksAndRejections (node:internal/process/task_queues:95:5)"}
{"level":"info","message":"listening on port 3000....."}
{"level":"info","message":"Connected to mongodb://localhost/vidly_tests?replicaSet=rs0......."}
{"level":"error","message":"Cannot destructure property 'error' of '(intermediate value)' as it is undefined. Cannot destructure property 'error' of '(intermediate value)' as it is undefined.","stack":"TypeError: Cannot destructure property 'error' of '(intermediate value)' as it is undefined.\n    at error (E:\\Nodejs\\Vidly\\routes\\genres.js:16:14)\n    at processTicksAndRejections (node:internal/process/task_queues:95:5)"}
{"level":"error","message":"Cannot destructure property 'error' of '(intermediate value)' as it is undefined. Cannot destructure property 'error' of '(intermediate value)' as it is undefined.","stack":"TypeError: Cannot destructure property 'error' of '(intermediate value)' as it is undefined.\n    at error (E:\\Nodejs\\Vidly\\routes\\genres.js:16:14)\n    at processTicksAndRejections (node:internal/process/task_queues:95:5)"}
{"level":"info","message":"listening on port 3000....."}
{"level":"info","message":"Connected to mongodb://localhost/vidly_tests?replicaSet=rs0......."}
{"level":"error","message":"Cannot destructure property 'error' of '(intermediate value)' as it is undefined. Cannot destructure property 'error' of '(intermediate value)' as it is undefined.","stack":"TypeError: Cannot destructure property 'error' of '(intermediate value)' as it is undefined.\n    at error (E:\\Nodejs\\Vidly\\routes\\genres.js:16:14)\n    at processTicksAndRejections (node:internal/process/task_queues:95:5)"}
{"level":"error","message":"Cannot destructure property 'error' of '(intermediate value)' as it is undefined. Cannot destructure property 'error' of '(intermediate value)' as it is undefined.","stack":"TypeError: Cannot destructure property 'error' of '(intermediate value)' as it is undefined.\n    at error (E:\\Nodejs\\Vidly\\routes\\genres.js:16:14)\n    at processTicksAndRejections (node:internal/process/task_queues:95:5)"}
{"level":"info","message":"listening on port 3000....."}
{"level":"info","message":"Connected to mongodb://localhost/vidly_tests?replicaSet=rs0......."}
{"level":"error","message":"Cannot destructure property 'error' of '(intermediate value)' as it is undefined. Cannot destructure property 'error' of '(intermediate value)' as it is undefined.","stack":"TypeError: Cannot destructure property 'error' of '(intermediate value)' as it is undefined.\n    at error (E:\\Nodejs\\Vidly\\routes\\genres.js:16:14)\n    at processTicksAndRejections (node:internal/process/task_queues:95:5)"}
{"level":"error","message":"Cannot destructure property 'error' of '(intermediate value)' as it is undefined. Cannot destructure property 'error' of '(intermediate value)' as it is undefined.","stack":"TypeError: Cannot destructure property 'error' of '(intermediate value)' as it is undefined.\n    at error (E:\\Nodejs\\Vidly\\routes\\genres.js:16:14)\n    at processTicksAndRejections (node:internal/process/task_queues:95:5)"}
{"level":"info","message":"listening on port 3000....."}
{"level":"info","message":"Connected to mongodb://localhost/vidly_tests?replicaSet=rs0......."}
{"level":"error","message":"Cannot destructure property 'error' of '(intermediate value)' as it is undefined. Cannot destructure property 'error' of '(intermediate value)' as it is undefined.","stack":"TypeError: Cannot destructure property 'error' of '(intermediate value)' as it is undefined.\n    at error (E:\\Nodejs\\Vidly\\routes\\genres.js:16:14)\n    at processTicksAndRejections (node:internal/process/task_queues:95:5)"}
{"level":"error","message":"Cannot destructure property 'error' of '(intermediate value)' as it is undefined. Cannot destructure property 'error' of '(intermediate value)' as it is undefined.","stack":"TypeError: Cannot destructure property 'error' of '(intermediate value)' as it is undefined.\n    at error (E:\\Nodejs\\Vidly\\routes\\genres.js:16:14)\n    at processTicksAndRejections (node:internal/process/task_queues:95:5)"}
{"level":"info","message":"listening on port 3000....."}
{"level":"info","message":"Connected to mongodb://localhost/vidly_tests?replicaSet=rs0......."}
{"level":"error","message":"Cannot destructure property 'error' of '(intermediate value)' as it is undefined. Cannot destructure property 'error' of '(intermediate value)' as it is undefined.","stack":"TypeError: Cannot destructure property 'error' of '(intermediate value)' as it is undefined.\n    at error (E:\\Nodejs\\Vidly\\routes\\genres.js:16:14)\n    at processTicksAndRejections (node:internal/process/task_queues:95:5)"}
{"level":"error","message":"Cannot destructure property 'error' of '(intermediate value)' as it is undefined. Cannot destructure property 'error' of '(intermediate value)' as it is undefined.","stack":"TypeError: Cannot destructure property 'error' of '(intermediate value)' as it is undefined.\n    at error (E:\\Nodejs\\Vidly\\routes\\genres.js:16:14)\n    at processTicksAndRejections (node:internal/process/task_queues:95:5)"}
{"level":"info","message":"listening on port 3000....."}
{"level":"info","message":"Connected to mongodb://localhost/vidly_tests?replicaSet=rs0......."}
{"level":"error","message":"Cannot destructure property 'error' of '(intermediate value)' as it is undefined. Cannot destructure property 'error' of '(intermediate value)' as it is undefined.","stack":"TypeError: Cannot destructure property 'error' of '(intermediate value)' as it is undefined.\n    at error (E:\\Nodejs\\Vidly\\routes\\genres.js:16:14)\n    at processTicksAndRejections (node:internal/process/task_queues:95:5)"}
{"level":"error","message":"Cannot destructure property 'error' of '(intermediate value)' as it is undefined. Cannot destructure property 'error' of '(intermediate value)' as it is undefined.","stack":"TypeError: Cannot destructure property 'error' of '(intermediate value)' as it is undefined.\n    at error (E:\\Nodejs\\Vidly\\routes\\genres.js:16:14)\n    at processTicksAndRejections (node:internal/process/task_queues:95:5)"}
{"level":"info","message":"listening on port 3000....."}
{"level":"info","message":"Connected to mongodb://localhost/vidly_tests?replicaSet=rs0......."}
{"level":"error","message":"Cannot destructure property 'error' of '(intermediate value)' as it is undefined. Cannot destructure property 'error' of '(intermediate value)' as it is undefined.","stack":"TypeError: Cannot destructure property 'error' of '(intermediate value)' as it is undefined.\n    at error (E:\\Nodejs\\Vidly\\routes\\genres.js:16:14)\n    at processTicksAndRejections (node:internal/process/task_queues:95:5)"}
{"level":"error","message":"Cannot destructure property 'error' of '(intermediate value)' as it is undefined. Cannot destructure property 'error' of '(intermediate value)' as it is undefined.","stack":"TypeError: Cannot destructure property 'error' of '(intermediate value)' as it is undefined.\n    at error (E:\\Nodejs\\Vidly\\routes\\genres.js:16:14)\n    at processTicksAndRejections (node:internal/process/task_queues:95:5)"}
{"level":"info","message":"listening on port 3000....."}
{"level":"info","message":"Connected to mongodb://localhost/vidly_tests?replicaSet=rs0......."}
{"level":"error","message":"Cannot destructure property 'error' of '(intermediate value)' as it is undefined. Cannot destructure property 'error' of '(intermediate value)' as it is undefined.","stack":"TypeError: Cannot destructure property 'error' of '(intermediate value)' as it is undefined.\n    at error (E:\\Nodejs\\Vidly\\routes\\genres.js:16:14)\n    at processTicksAndRejections (node:internal/process/task_queues:95:5)"}
{"level":"error","message":"Cannot destructure property 'error' of '(intermediate value)' as it is undefined. Cannot destructure property 'error' of '(intermediate value)' as it is undefined.","stack":"TypeError: Cannot destructure property 'error' of '(intermediate value)' as it is undefined.\n    at error (E:\\Nodejs\\Vidly\\routes\\genres.js:16:14)\n    at processTicksAndRejections (node:internal/process/task_queues:95:5)"}
{"level":"info","message":"listening on port 3000....."}
{"level":"info","message":"Connected to mongodb://localhost/vidly_tests?replicaSet=rs0......."}
{"level":"error","message":"Cannot destructure property 'error' of '(intermediate value)' as it is undefined. Cannot destructure property 'error' of '(intermediate value)' as it is undefined.","stack":"TypeError: Cannot destructure property 'error' of '(intermediate value)' as it is undefined.\n    at error (E:\\Nodejs\\Vidly\\routes\\genres.js:16:14)\n    at processTicksAndRejections (node:internal/process/task_queues:95:5)"}
{"level":"error","message":"Cannot destructure property 'error' of '(intermediate value)' as it is undefined. Cannot destructure property 'error' of '(intermediate value)' as it is undefined.","stack":"TypeError: Cannot destructure property 'error' of '(intermediate value)' as it is undefined.\n    at error (E:\\Nodejs\\Vidly\\routes\\genres.js:16:14)\n    at processTicksAndRejections (node:internal/process/task_queues:95:5)"}
{"level":"info","message":"listening on port 3000....."}
{"level":"info","message":"Connected to mongodb://localhost/vidly?replicaSet=rs0......."}
{"level":"error","message":"Cannot destructure property 'error' of '(intermediate value)' as it is undefined. Cannot destructure property 'error' of '(intermediate value)' as it is undefined.","stack":"TypeError: Cannot destructure property 'error' of '(intermediate value)' as it is undefined.\n    at E:\\Nodejs\\Vidly\\routes\\genres.js:16:14\n    at process.processTicksAndRejections (node:internal/process/task_queues:95:5)"}
{"level":"error","message":"Cannot destructure property 'error' of '(intermediate value)' as it is undefined. Cannot destructure property 'error' of '(intermediate value)' as it is undefined.","stack":"TypeError: Cannot destructure property 'error' of '(intermediate value)' as it is undefined.\n    at E:\\Nodejs\\Vidly\\routes\\genres.js:16:14\n    at process.processTicksAndRejections (node:internal/process/task_queues:95:5)"}
{"level":"info","message":"listening on port 3000....."}
{"level":"info","message":"Connected to mongodb://localhost/vidly?replicaSet=rs0......."}
{"level":"info","message":"listening on port 3000....."}
{"level":"info","message":"Connected to mongodb://localhost/vidly?replicaSet=rs0......."}
{"level":"info","message":"listening on port 3000....."}
{"level":"info","message":"Connected to mongodb://localhost/vidly_tests?replicaSet=rs0......."}
{"level":"info","message":"listening on port 3000....."}
{"level":"info","message":"Connected to mongodb://localhost/vidly_tests?replicaSet=rs0......."}
{"level":"info","message":"listening on port 3000....."}
{"level":"info","message":"Connected to mongodb://localhost/vidly_tests?replicaSet=rs0......."}
{"level":"info","message":"listening on port 3000....."}
{"level":"info","message":"Connected to mongodb://localhost/vidly_tests?replicaSet=rs0......."}
{"level":"info","message":"Connected to mongodb://localhost/vidly_tests?replicaSet=rs0......."}
{"level":"info","message":"listening on port 3000....."}
{"level":"info","message":"Connected to mongodb://localhost/vidly_tests?replicaSet=rs0......."}
{"level":"info","message":"listening on port 3000....."}
{"level":"info","message":"Connected to mongodb://localhost/vidly_tests?replicaSet=rs0......."}
{"level":"info","message":"listening on port 3000....."}
{"level":"info","message":"Connected to mongodb://localhost/vidly_tests?replicaSet=rs0......."}
{"level":"info","message":"listening on port 3000....."}
{"level":"info","message":"Connected to mongodb://localhost/vidly_tests?replicaSet=rs0......."}
{"level":"info","message":"listening on port 3000....."}
{"level":"info","message":"Connected to mongodb://localhost/vidly_tests?replicaSet=rs0......."}
{"level":"info","message":"listening on port 3000....."}
{"level":"info","message":"Connected to mongodb://localhost/vidly_tests?replicaSet=rs0......."}
{"level":"info","message":"listening on port 3000....."}
{"level":"info","message":"Connected to mongodb://localhost/vidly_tests?replicaSet=rs0......."}
{"level":"info","message":"listening on port 3000....."}
{"level":"info","message":"Connected to mongodb://localhost/vidly_tests?replicaSet=rs0......."}
{"level":"info","message":"listening on port 3000....."}
{"level":"info","message":"Connected to mongodb://localhost/vidly_tests?replicaSet=rs0......."}
{"level":"info","message":"listening on port 3000....."}
{"level":"info","message":"Connected to mongodb://localhost/vidly_tests?replicaSet=rs0......."}
{"level":"info","message":"listening on port 3000....."}
{"level":"info","message":"Connected to mongodb://localhost/vidly_tests?replicaSet=rs0......."}
{"level":"info","message":"listening on port 3000....."}
{"level":"info","message":"Connected to mongodb://localhost/vidly_tests?replicaSet=rs0......."}
{"level":"info","message":"listening on port 3000....."}
{"level":"info","message":"Connected to mongodb://localhost/vidly_tests?replicaSet=rs0......."}
{"level":"info","message":"listening on port 3000....."}
{"level":"info","message":"Connected to mongodb://localhost/vidly_tests?replicaSet=rs0......."}
{"level":"info","message":"listening on port 3000....."}
{"level":"info","message":"Connected to mongodb://localhost/vidly_tests?replicaSet=rs0......."}
{"level":"info","message":"listening on port 3000....."}
{"level":"info","message":"Connected to mongodb://localhost/vidly_tests?replicaSet=rs0......."}
{"level":"info","message":"listening on port 3000....."}
{"level":"info","message":"Connected to mongodb://localhost/vidly_tests?replicaSet=rs0......."}
{"level":"info","message":"listening on port 3000....."}
{"level":"info","message":"Connected to mongodb://localhost/vidly_tests?replicaSet=rs0......."}
{"level":"info","message":"listening on port 3000....."}
{"level":"info","message":"Connected to mongodb://localhost/vidly_tests?replicaSet=rs0......."}
{"level":"info","message":"listening on port 3000....."}
{"level":"info","message":"Connected to mongodb://localhost/vidly_tests?replicaSet=rs0......."}
{"level":"info","message":"listening on port 3000....."}
{"level":"info","message":"Connected to mongodb://localhost/vidly_tests?replicaSet=rs0......."}
{"level":"info","message":"listening on port 3000....."}
{"level":"info","message":"Connected to mongodb://localhost/vidly_tests?replicaSet=rs0......."}
{"level":"info","message":"listening on port 3000....."}
{"level":"info","message":"Connected to mongodb://localhost/vidly_tests?replicaSet=rs0......."}
{"level":"info","message":"listening on port 3000....."}
{"level":"info","message":"Connected to mongodb://localhost/vidly_tests?replicaSet=rs0......."}
{"level":"info","message":"listening on port 3000....."}
{"level":"info","message":"Connected to mongodb://localhost/vidly_tests?replicaSet=rs0......."}
{"level":"info","message":"listening on port 3000....."}
{"level":"info","message":"Connected to mongodb://localhost/vidly_tests?replicaSet=rs0......."}
{"level":"info","message":"listening on port 3000....."}
{"level":"info","message":"Connected to mongodb://localhost/vidly_tests?replicaSet=rs0......."}
{"level":"info","message":"listening on port 3000....."}
{"level":"info","message":"Connected to mongodb://localhost/vidly_tests?replicaSet=rs0......."}
{"level":"info","message":"Connected to mongodb://localhost/vidly_tests?replicaSet=rs0......."}
{"level":"info","message":"listening on port 3000....."}
{"level":"info","message":"listening on port 3000....."}
{"level":"info","message":"Connected to mongodb://localhost/vidly_tests?replicaSet=rs0......."}
{"level":"info","message":"listening on port 3000....."}
{"level":"info","message":"Connected to mongodb://localhost/vidly_tests?replicaSet=rs0......."}
{"level":"info","message":"listening on port 3000....."}
{"level":"info","message":"Connected to mongodb://localhost/vidly_tests?replicaSet=rs0......."}
{"level":"info","message":"listening on port 3000....."}
{"level":"info","message":"Connected to mongodb://localhost/vidly_tests?replicaSet=rs0......."}
{"level":"info","message":"Connected to mongodb://localhost/vidly_tests?replicaSet=rs0......."}
{"level":"info","message":"listening on port 3000....."}
{"level":"info","message":"listening on port 3000....."}
{"level":"info","message":"Connected to mongodb://localhost/vidly_tests?replicaSet=rs0......."}
{"level":"info","message":"listening on port 3000....."}
{"level":"info","message":"Connected to mongodb://localhost/vidly_tests?replicaSet=rs0......."}
{"level":"info","message":"listening on port 3000....."}
{"level":"info","message":"Connected to mongodb://localhost/vidly_tests?replicaSet=rs0......."}
{"level":"info","message":"Connected to mongodb://localhost/vidly_tests?replicaSet=rs0......."}
{"level":"info","message":"listening on port 3000....."}
{"level":"info","message":"listening on port 3000....."}
{"level":"info","message":"Connected to mongodb://localhost/vidly_tests?replicaSet=rs0......."}
{"level":"info","message":"listening on port 3000....."}
{"level":"info","message":"Connected to mongodb://localhost/vidly_tests?replicaSet=rs0......."}
{"level":"info","message":"Connected to mongodb://localhost/vidly_tests?replicaSet=rs0......."}
{"level":"info","message":"listening on port 3000....."}
{"level":"info","message":"listening on port 3000....."}
{"level":"info","message":"Connected to mongodb://localhost/vidly_tests?replicaSet=rs0......."}
{"level":"info","message":"listening on port 3000....."}
{"level":"info","message":"Connected to mongodb://localhost/vidly_tests?replicaSet=rs0......."}
{"level":"info","message":"listening on port 3000....."}
{"level":"info","message":"Connected to mongodb://localhost/vidly_tests?replicaSet=rs0......."}
{"level":"info","message":"listening on port 3000....."}
{"level":"info","message":"Connected to mongodb://localhost/vidly_tests?replicaSet=rs0......."}
{"level":"info","message":"listening on port 3000....."}
{"level":"info","message":"Connected to mongodb://localhost/vidly_tests?replicaSet=rs0......."}
{"level":"info","message":"listening on port 3000....."}
{"level":"info","message":"Connected to mongodb://localhost/vidly_tests?replicaSet=rs0......."}
{"level":"info","message":"listening on port 3000....."}
{"level":"info","message":"Connected to mongodb://localhost/vidly_tests?replicaSet=rs0......."}
{"level":"info","message":"listening on port 3000....."}
{"level":"info","message":"Connected to mongodb://localhost/vidly_tests?replicaSet=rs0......."}
{"level":"info","message":"listening on port 3000....."}
{"level":"info","message":"Connected to mongodb://localhost/vidly_tests?replicaSet=rs0......."}
{"level":"info","message":"listening on port 3000....."}
{"level":"info","message":"Connected to mongodb://localhost/vidly_tests?replicaSet=rs0......."}
{"level":"info","message":"listening on port 3000....."}
{"level":"info","message":"Connected to mongodb://localhost/vidly_tests?replicaSet=rs0......."}
{"level":"info","message":"listening on port 3000....."}
{"level":"info","message":"Connected to mongodb://localhost/vidly_tests?replicaSet=rs0......."}
{"level":"info","message":"listening on port 3000....."}
{"level":"info","message":"Connected to mongodb://localhost/vidly_tests?replicaSet=rs0......."}
{"level":"info","message":"listening on port 3000....."}
{"level":"info","message":"Connected to mongodb://localhost/vidly_tests?replicaSet=rs0......."}
{"level":"info","message":"listening on port 3000....."}
{"level":"info","message":"Connected to mongodb://localhost/vidly_tests?replicaSet=rs0......."}
{"level":"info","message":"listening on port 3000....."}
{"level":"info","message":"Connected to mongodb://localhost/vidly_tests?replicaSet=rs0......."}
{"level":"info","message":"Connected to mongodb://localhost/vidly_tests?replicaSet=rs0......."}
{"level":"info","message":"listening on port 3000....."}
{"level":"info","message":"listening on port 3000....."}
{"level":"info","message":"Connected to mongodb://localhost/vidly_tests?replicaSet=rs0......."}
{"level":"info","message":"listening on port 4000....."}
{"level":"info","message":"Connected to mongodb://localhost/vidly_tests?replicaSet=rs0......."}
{"level":"info","message":"listening on port 4000....."}
{"level":"info","message":"Connected to mongodb://localhost/vidly_tests?replicaSet=rs0......."}
{"level":"info","message":"listening on port 3000....."}
{"level":"info","message":"Connected to mongodb://localhost/vidly_tests?replicaSet=rs0......."}
{"level":"info","message":"Connected to mongodb://localhost/vidly_tests?replicaSet=rs0......."}
{"level":"info","message":"listening on port 3000....."}
{"level":"info","message":"listening on port 3000....."}
{"level":"info","message":"Connected to mongodb://localhost/vidly_tests?replicaSet=rs0......."}
{"level":"info","message":"listening on port 3000....."}
{"level":"info","message":"Connected to mongodb://localhost/vidly_tests?replicaSet=rs0......."}
{"level":"info","message":"listening on port 3000....."}
{"level":"info","message":"Connected to mongodb://localhost/vidly_tests?replicaSet=rs0......."}
{"level":"info","message":"listening on port 3000....."}
{"level":"info","message":"Connected to mongodb://localhost/vidly_tests?replicaSet=rs0......."}
{"level":"info","message":"listening on port 3000....."}
{"level":"info","message":"Connected to mongodb://localhost/vidly_tests?replicaSet=rs0......."}
{"level":"info","message":"listening on port 3000....."}
{"level":"info","message":"Connected to mongodb://localhost/vidly_tests?replicaSet=rs0......."}
{"level":"info","message":"listening on port 3000....."}
{"level":"info","message":"Connected to mongodb://localhost/vidly_tests?replicaSet=rs0......."}
{"level":"info","message":"listening on port 3000....."}
{"level":"info","message":"Connected to mongodb://localhost/vidly_tests?replicaSet=rs0......."}
{"level":"info","message":"listening on port 3000....."}
{"level":"info","message":"Connected to mongodb://localhost/vidly_tests?replicaSet=rs0......."}
{"level":"info","message":"listening on port 3000....."}
{"level":"info","message":"Connected to mongodb://localhost/vidly_tests?replicaSet=rs0......."}
{"level":"info","message":"listening on port 3000....."}
{"level":"info","message":"Connected to mongodb://localhost/vidly_tests?replicaSet=rs0......."}
{"level":"info","message":"listening on port 3000....."}
{"level":"info","message":"Connected to mongodb://localhost/vidly_tests?replicaSet=rs0......."}
{"level":"info","message":"listening on port 3000....."}
{"level":"info","message":"Connected to mongodb://localhost/vidly_tests?replicaSet=rs0......."}
{"level":"info","message":"listening on port 3000....."}
{"level":"info","message":"Connected to mongodb://localhost/vidly_tests?replicaSet=rs0......."}
{"level":"info","message":"listening on port 3000....."}
{"level":"info","message":"Connected to mongodb://localhost/vidly_tests?replicaSet=rs0......."}
{"level":"info","message":"listening on port 3000....."}
{"level":"info","message":"Connected to mongodb://localhost/vidly_tests?replicaSet=rs0......."}
{"level":"info","message":"listening on port 3000....."}
{"level":"info","message":"Connected to mongodb://localhost/vidly_tests?replicaSet=rs0......."}
{"level":"info","message":"listening on port 3000....."}
{"level":"info","message":"Connected to mongodb://localhost/vidly_tests?replicaSet=rs0......."}
{"level":"info","message":"listening on port 3000....."}
{"level":"info","message":"Connected to mongodb://localhost/vidly_tests?replicaSet=rs0......."}
{"level":"info","message":"listening on port 3000....."}
{"level":"info","message":"Connected to mongodb://localhost/vidly_tests?replicaSet=rs0......."}
{"level":"info","message":"listening on port 3000....."}
{"level":"info","message":"Connected to mongodb://localhost/vidly_tests?replicaSet=rs0......."}
{"level":"info","message":"listening on port 3000....."}
{"level":"info","message":"Connected to mongodb://localhost/vidly_tests?replicaSet=rs0......."}
